<?xml version="1.0" encoding="UTF-8"?>
<testng-results ignored="0" total="1" passed="1" failed="0" skipped="0">
  <reporter-output>
  </reporter-output>
  <suite started-at="2022-05-27T14:26:06 IST" name="Default suite" finished-at="2022-05-27T14:26:25 IST" duration-ms="18805">
    <groups>
    </groups>
    <test started-at="2022-05-27T14:26:06 IST" name="Default test" finished-at="2022-05-27T14:26:25 IST" duration-ms="18805">
      <class name="com.OrangeHRM.CreateUser">
        <test-method is-config="true" signature="openBrowser()[pri:0, instance:com.OrangeHRM.CreateUser@383bfa16]" started-at="2022-05-27T14:26:06 IST" name="openBrowser" finished-at="2022-05-27T14:26:15 IST" duration-ms="8537" status="PASS">
          <reporter-output>
          </reporter-output>
        </test-method> <!-- openBrowser -->
        <test-method is-config="true" signature="loginHRM()[pri:0, instance:com.OrangeHRM.CreateUser@383bfa16]" started-at="2022-05-27T14:26:15 IST" name="loginHRM" finished-at="2022-05-27T14:26:15 IST" duration-ms="261" status="PASS">
          <reporter-output>
          </reporter-output>
        </test-method> <!-- loginHRM -->
        <test-method signature="addUser()[pri:0, instance:com.OrangeHRM.CreateUser@383bfa16]" started-at="2022-05-27T14:26:15 IST" name="addUser" finished-at="2022-05-27T14:26:23 IST" duration-ms="8485" status="PASS">
          <reporter-output>
          </reporter-output>
        </test-method> <!-- addUser -->
        <test-method is-config="true" signature="logoutHRM()[pri:0, instance:com.OrangeHRM.CreateUser@383bfa16]" started-at="2022-05-27T14:26:23 IST" name="logoutHRM" finished-at="2022-05-27T14:26:25 IST" duration-ms="1354" status="PASS">
          <reporter-output>
          </reporter-output>
        </test-method> <!-- logoutHRM -->
        <test-method is-config="true" signature="closeBrowser()[pri:0, instance:com.OrangeHRM.CreateUser@383bfa16]" started-at="2022-05-27T14:26:25 IST" name="closeBrowser" finished-at="2022-05-27T14:26:25 IST" duration-ms="123" status="PASS">
          <reporter-output>
          </reporter-output>
        </test-method> <!-- closeBrowser -->
      </class> <!-- com.OrangeHRM.CreateUser -->
    </test> <!-- Default test -->
  </suite> <!-- Default suite -->
</testng-results>
